# JRE version: OpenJDK Runtime Environment (17.0.6) (build 17.0.6+0-b2043.56-9586694)
# Java VM: OpenJDK 64-Bit Server VM (17.0.6+0-b2043.56-9586694, mixed mode, tiered, compressed oops, compressed class ptrs, g1 gc, windows-amd64)
GC Precious Log:
 CPUs: 4 total, 4 available
 Memory: 6020M
 Large Page Support: Disabled
 NUMA Support: Disabled
 Compressed Oops: Enabled (32-bit)
 Heap Region Size: 1M
 Heap Min Capacity: 8M
 Heap Initial Capacity: 96M
 Heap Max Capacity: 1G
 Pre-touch: Disabled
 Parallel Workers: 4
 Concurrent Workers: 1
 Concurrent Refinement Workers: 4
 Periodic GC: Disabled
Heap:
 garbage-first heap   total 113664K, used 63018K [0x00000000c0000000, 0x0000000100000000)
  region size 1024K, 11 young (11264K), 1 survivors (1024K)
 Metaspace       used 31861K, committed 32256K, reserved 1081344K
  class space    used 4375K, committed 4544K, reserved 1048576K
GC Heap History (20 events):
Event: 1.663 GC heap before
{Heap before GC invocations=1 (full 0):
 garbage-first heap   total 98304K, used 21936K [0x00000000c0000000, 0x0000000100000000)
  region size 1024K, 17 young (17408K), 2 survivors (2048K)
 Metaspace       used 11094K, committed 11264K, reserved 1064960K
  class space    used 1162K, committed 1280K, reserved 1048576K
}
Event: 1.669 GC heap after
{Heap after GC invocations=2 (full 0):
 garbage-first heap   total 98304K, used 9445K [0x00000000c0000000, 0x0000000100000000)
  region size 1024K, 3 young (3072K), 3 survivors (3072K)
 Metaspace       used 11094K, committed 11264K, reserved 1064960K
  class space    used 1162K, committed 1280K, reserved 1048576K
}
Event: 2.384 GC heap before
{Heap before GC invocations=2 (full 0):
 garbage-first heap   total 98304K, used 30949K [0x00000000c0000000, 0x0000000100000000)
  region size 1024K, 24 young (24576K), 3 survivors (3072K)
 Metaspace       used 11209K, committed 11392K, reserved 1064960K
  class space    used 1163K, committed 1280K, reserved 1048576K
}
Event: 2.393 GC heap after
{Heap after GC invocations=3 (full 0):
 garbage-first heap   total 98304K, used 11781K [0x00000000c0000000, 0x0000000100000000)
  region size 1024K, 3 young (3072K), 3 survivors (3072K)
 Metaspace       used 11209K, committed 11392K, reserved 1064960K
  class space    used 1163K, committed 1280K, reserved 1048576K
}
Event: 5.876 GC heap before
{Heap before GC invocations=3 (full 0):
 garbage-first heap   total 98304K, used 51717K [0x00000000c0000000, 0x0000000100000000)
  region size 1024K, 43 young (44032K), 3 survivors (3072K)
 Metaspace       used 21327K, committed 21504K, reserved 1073152K
  class space    used 2582K, committed 2688K, reserved 1048576K
}
Event: 5.886 GC heap after
{Heap after GC invocations=4 (full 0):
 garbage-first heap   total 98304K, used 17636K [0x00000000c0000000, 0x0000000100000000)
  region size 1024K, 8 young (8192K), 8 survivors (8192K)
 Metaspace       used 21327K, committed 21504K, reserved 1073152K
  class space    used 2582K, committed 2688K, reserved 1048576K
}
Event: 7.029 GC heap before
{Heap before GC invocations=5 (full 0):
 garbage-first heap   total 65536K, used 48356K [0x00000000c0000000, 0x0000000100000000)
  region size 1024K, 38 young (38912K), 8 survivors (8192K)
 Metaspace       used 26377K, committed 26752K, reserved 1073152K
  class space    used 3471K, committed 3648K, reserved 1048576K
}
Event: 7.045 GC heap after
{Heap after GC invocations=6 (full 0):
 garbage-first heap   total 65536K, used 19347K [0x00000000c0000000, 0x0000000100000000)
  region size 1024K, 2 young (2048K), 2 survivors (2048K)
 Metaspace       used 26377K, committed 26752K, reserved 1073152K
  class space    used 3471K, committed 3648K, reserved 1048576K
}
Event: 7.095 GC heap before
{Heap before GC invocations=6 (full 0):
 garbage-first heap   total 65536K, used 20371K [0x00000000c0000000, 0x0000000100000000)
  region size 1024K, 3 young (3072K), 2 survivors (2048K)
 Metaspace       used 26579K, committed 26880K, reserved 1073152K
  class space    used 3497K, committed 3648K, reserved 1048576K
}
Event: 7.101 GC heap after
{Heap after GC invocations=7 (full 0):
 garbage-first heap   total 65536K, used 19201K [0x00000000c0000000, 0x0000000100000000)
  region size 1024K, 1 young (1024K), 1 survivors (1024K)
 Metaspace       used 26579K, committed 26880K, reserved 1073152K
  class space    used 3497K, committed 3648K, reserved 1048576K
}
Event: 10.727 GC heap before
{Heap before GC invocations=7 (full 0):
 garbage-first heap   total 65536K, used 38657K [0x00000000c0000000, 0x0000000100000000)
  region size 1024K, 16 young (16384K), 1 survivors (1024K)
 Metaspace       used 28930K, committed 29312K, reserved 1081344K
  class space    used 3902K, committed 4096K, reserved 1048576K
}
Event: 10.731 GC heap after
{Heap after GC invocations=8 (full 0):
 garbage-first heap   total 65536K, used 25795K [0x00000000c0000000, 0x0000000100000000)
  region size 1024K, 2 young (2048K), 2 survivors (2048K)
 Metaspace       used 28930K, committed 29312K, reserved 1081344K
  class space    used 3902K, committed 4096K, reserved 1048576K
}
Event: 10.739 GC heap before
{Heap before GC invocations=8 (full 0):
 garbage-first heap   total 65536K, used 31939K [0x00000000c0000000, 0x0000000100000000)
  region size 1024K, 2 young (2048K), 2 survivors (2048K)
 Metaspace       used 28932K, committed 29312K, reserved 1081344K
  class space    used 3902K, committed 4096K, reserved 1048576K
}
Event: 10.744 GC heap after
{Heap after GC invocations=9 (full 0):
 garbage-first heap   total 65536K, used 31879K [0x00000000c0000000, 0x0000000100000000)
  region size 1024K, 0 young (0K), 0 survivors (0K)
 Metaspace       used 28932K, committed 29312K, reserved 1081344K
  class space    used 3902K, committed 4096K, reserved 1048576K
}
Event: 11.030 GC heap before
{Heap before GC invocations=10 (full 0):
 garbage-first heap   total 65536K, used 59527K [0x00000000c0000000, 0x0000000100000000)
  region size 1024K, 11 young (11264K), 0 survivors (0K)
 Metaspace       used 30150K, committed 30528K, reserved 1081344K
  class space    used 4083K, committed 4288K, reserved 1048576K
}
Event: 11.033 GC heap after
{Heap after GC invocations=11 (full 0):
 garbage-first heap   total 65536K, used 53850K [0x00000000c0000000, 0x0000000100000000)
  region size 1024K, 3 young (3072K), 3 survivors (3072K)
 Metaspace       used 30150K, committed 30528K, reserved 1081344K
  class space    used 4083K, committed 4288K, reserved 1048576K
}
Event: 11.047 GC heap before
{Heap before GC invocations=11 (full 0):
 garbage-first heap   total 65536K, used 53850K [0x00000000c0000000, 0x0000000100000000)
  region size 1024K, 4 young (4096K), 3 survivors (3072K)
 Metaspace       used 30249K, committed 30592K, reserved 1081344K
  class space    used 4102K, committed 4288K, reserved 1048576K
}
Event: 11.050 GC heap after
{Heap after GC invocations=12 (full 0):
 garbage-first heap   total 65536K, used 53744K [0x00000000c0000000, 0x0000000100000000)
  region size 1024K, 1 young (1024K), 1 survivors (1024K)
 Metaspace       used 30249K, committed 30592K, reserved 1081344K
  class space    used 4102K, committed 4288K, reserved 1048576K
}
Event: 11.103 GC heap before
{Heap before GC invocations=12 (full 0):
 garbage-first heap   total 65536K, used 55792K [0x00000000c0000000, 0x0000000100000000)
  region size 1024K, 3 young (3072K), 1 survivors (1024K)
 Metaspace       used 30478K, committed 30784K, reserved 1081344K
  class space    used 4139K, committed 4288K, reserved 1048576K
}
Event: 11.105 GC heap after
{Heap after GC invocations=13 (full 0):
 garbage-first heap   total 113664K, used 53802K [0x00000000c0000000, 0x0000000100000000)
  region size 1024K, 1 young (1024K), 1 survivors (1024K)
 Metaspace       used 30478K, committed 30784K, reserved 1081344K
  class space    used 4139K, committed 4288K, reserved 1048576K
}

