# JRE version: OpenJDK Runtime Environment (17.0.6) (build 17.0.6+0-b2043.56-9586694)
# Java VM: OpenJDK 64-Bit Server VM (17.0.6+0-b2043.56-9586694, mixed mode, tiered, compressed oops, compressed class ptrs, g1 gc, windows-amd64)
GC Precious Log:
 CPUs: 4 total, 4 available
 Memory: 6020M
 Large Page Support: Disabled
 NUMA Support: Disabled
 Compressed Oops: Enabled (32-bit)
 Heap Region Size: 1M
 Heap Min Capacity: 8M
 Heap Initial Capacity: 96M
 Heap Max Capacity: 1G
 Pre-touch: Disabled
 Parallel Workers: 4
 Concurrent Workers: 1
 Concurrent Refinement Workers: 4
 Periodic GC: Disabled
Heap:
 garbage-first heap   total 140288K, used 78213K [0x00000000c0000000, 0x0000000100000000)
  region size 1024K, 5 young (5120K), 5 survivors (5120K)
 Metaspace       used 51158K, committed 51648K, reserved 1097728K
  class space    used 6800K, committed 7040K, reserved 1048576K
GC Heap History (20 events):
Event: 5.239 GC heap after
{Heap after GC invocations=18 (full 0):
 garbage-first heap   total 121856K, used 58635K [0x00000000c0000000, 0x0000000100000000)
  region size 1024K, 3 young (3072K), 3 survivors (3072K)
 Metaspace       used 40224K, committed 40512K, reserved 1089536K
  class space    used 5556K, committed 5696K, reserved 1048576K
}
Event: 6.166 GC heap before
{Heap before GC invocations=19 (full 0):
 garbage-first heap   total 121856K, used 89355K [0x00000000c0000000, 0x0000000100000000)
  region size 1024K, 33 young (33792K), 3 survivors (3072K)
 Metaspace       used 47029K, committed 47424K, reserved 1089536K
  class space    used 6324K, committed 6528K, reserved 1048576K
}
Event: 6.179 GC heap after
{Heap after GC invocations=20 (full 0):
 garbage-first heap   total 121856K, used 62366K [0x00000000c0000000, 0x0000000100000000)
  region size 1024K, 5 young (5120K), 5 survivors (5120K)
 Metaspace       used 47029K, committed 47424K, reserved 1089536K
  class space    used 6324K, committed 6528K, reserved 1048576K
}
Event: 6.269 GC heap before
{Heap before GC invocations=20 (full 0):
 garbage-first heap   total 121856K, used 67486K [0x00000000c0000000, 0x0000000100000000)
  region size 1024K, 11 young (11264K), 5 survivors (5120K)
 Metaspace       used 47347K, committed 47744K, reserved 1097728K
  class space    used 6361K, committed 6528K, reserved 1048576K
}
Event: 6.279 GC heap after
{Heap after GC invocations=21 (full 0):
 garbage-first heap   total 121856K, used 63904K [0x00000000c0000000, 0x0000000100000000)
  region size 1024K, 2 young (2048K), 2 survivors (2048K)
 Metaspace       used 47347K, committed 47744K, reserved 1097728K
  class space    used 6361K, committed 6528K, reserved 1048576K
}
Event: 6.746 GC heap before
{Heap before GC invocations=22 (full 0):
 garbage-first heap   total 121856K, used 95648K [0x00000000c0000000, 0x0000000100000000)
  region size 1024K, 30 young (30720K), 2 survivors (2048K)
 Metaspace       used 48876K, committed 49280K, reserved 1097728K
  class space    used 6495K, committed 6720K, reserved 1048576K
}
Event: 6.751 GC heap after
{Heap after GC invocations=23 (full 0):
 garbage-first heap   total 121856K, used 64354K [0x00000000c0000000, 0x0000000100000000)
  region size 1024K, 2 young (2048K), 2 survivors (2048K)
 Metaspace       used 48876K, committed 49280K, reserved 1097728K
  class space    used 6495K, committed 6720K, reserved 1048576K
}
Event: 6.820 GC heap before
{Heap before GC invocations=23 (full 0):
 garbage-first heap   total 121856K, used 67426K [0x00000000c0000000, 0x0000000100000000)
  region size 1024K, 5 young (5120K), 2 survivors (2048K)
 Metaspace       used 49219K, committed 49664K, reserved 1097728K
  class space    used 6549K, committed 6784K, reserved 1048576K
}
Event: 6.825 GC heap after
{Heap after GC invocations=24 (full 0):
 garbage-first heap   total 121856K, used 64035K [0x00000000c0000000, 0x0000000100000000)
  region size 1024K, 1 young (1024K), 1 survivors (1024K)
 Metaspace       used 49219K, committed 49664K, reserved 1097728K
  class space    used 6549K, committed 6784K, reserved 1048576K
}
Event: 7.076 GC heap before
{Heap before GC invocations=24 (full 0):
 garbage-first heap   total 121856K, used 77347K [0x00000000c0000000, 0x0000000100000000)
  region size 1024K, 15 young (15360K), 1 survivors (1024K)
 Metaspace       used 50848K, committed 51328K, reserved 1097728K
  class space    used 6800K, committed 7040K, reserved 1048576K
}
Event: 7.078 GC heap after
{Heap after GC invocations=25 (full 0):
 garbage-first heap   total 121856K, used 64503K [0x00000000c0000000, 0x0000000100000000)
  region size 1024K, 1 young (1024K), 1 survivors (1024K)
 Metaspace       used 50848K, committed 51328K, reserved 1097728K
  class space    used 6800K, committed 7040K, reserved 1048576K
}
Event: 7.399 GC heap before
{Heap before GC invocations=26 (full 0):
 garbage-first heap   total 140288K, used 112631K [0x00000000c0000000, 0x0000000100000000)
  region size 1024K, 31 young (31744K), 1 survivors (1024K)
 Metaspace       used 51085K, committed 51520K, reserved 1097728K
  class space    used 6800K, committed 7040K, reserved 1048576K
}
Event: 7.402 GC heap after
{Heap after GC invocations=27 (full 0):
 garbage-first heap   total 140288K, used 74300K [0x00000000c0000000, 0x0000000100000000)
  region size 1024K, 2 young (2048K), 2 survivors (2048K)
 Metaspace       used 51085K, committed 51520K, reserved 1097728K
  class space    used 6800K, committed 7040K, reserved 1048576K
}
Event: 7.427 GC heap before
{Heap before GC invocations=27 (full 0):
 garbage-first heap   total 140288K, used 77372K [0x00000000c0000000, 0x0000000100000000)
  region size 1024K, 6 young (6144K), 2 survivors (2048K)
 Metaspace       used 51096K, committed 51584K, reserved 1097728K
  class space    used 6800K, committed 7040K, reserved 1048576K
}
Event: 7.429 GC heap after
{Heap after GC invocations=28 (full 0):
 garbage-first heap   total 140288K, used 74207K [0x00000000c0000000, 0x0000000100000000)
  region size 1024K, 1 young (1024K), 1 survivors (1024K)
 Metaspace       used 51096K, committed 51584K, reserved 1097728K
  class space    used 6800K, committed 7040K, reserved 1048576K
}
Event: 7.696 GC heap before
{Heap before GC invocations=28 (full 0):
 garbage-first heap   total 140288K, used 111071K [0x00000000c0000000, 0x0000000100000000)
  region size 1024K, 37 young (37888K), 1 survivors (1024K)
 Metaspace       used 51146K, committed 51584K, reserved 1097728K
  class space    used 6800K, committed 7040K, reserved 1048576K
}
Event: 7.697 GC heap after
{Heap after GC invocations=29 (full 0):
 garbage-first heap   total 140288K, used 74333K [0x00000000c0000000, 0x0000000100000000)
  region size 1024K, 1 young (1024K), 1 survivors (1024K)
 Metaspace       used 51146K, committed 51584K, reserved 1097728K
  class space    used 6800K, committed 7040K, reserved 1048576K
}
Event: 8.075 GC heap before
{Heap before GC invocations=30 (full 0):
 garbage-first heap   total 140288K, used 101981K [0x00000000c0000000, 0x0000000100000000)
  region size 1024K, 29 young (29696K), 1 survivors (1024K)
 Metaspace       used 51157K, committed 51648K, reserved 1097728K
  class space    used 6800K, committed 7040K, reserved 1048576K
}
Event: 8.080 GC heap after
{Heap after GC invocations=31 (full 0):
 garbage-first heap   total 140288K, used 74501K [0x00000000c0000000, 0x0000000100000000)
  region size 1024K, 1 young (1024K), 1 survivors (1024K)
 Metaspace       used 51157K, committed 51648K, reserved 1097728K
  class space    used 6800K, committed 7040K, reserved 1048576K
}
Event: 8.310 GC heap before
{Heap before GC invocations=32 (full 0):
 garbage-first heap   total 140288K, used 88837K [0x00000000c0000000, 0x0000000100000000)
  region size 1024K, 16 young (16384K), 1 survivors (1024K)
 Metaspace       used 51158K, committed 51648K, reserved 1097728K
  class space    used 6800K, committed 7040K, reserved 1048576K
}

