# JRE version: OpenJDK Runtime Environment (17.0.6) (build 17.0.6+0-b2043.56-9586694)
# Java VM: OpenJDK 64-Bit Server VM (17.0.6+0-b2043.56-9586694, mixed mode, tiered, compressed oops, compressed class ptrs, g1 gc, windows-amd64)
GC Precious Log:
 CPUs: 4 total, 4 available
 Memory: 6020M
 Large Page Support: Disabled
 NUMA Support: Disabled
 Compressed Oops: Enabled (32-bit)
 Heap Region Size: 1M
 Heap Min Capacity: 8M
 Heap Initial Capacity: 96M
 Heap Max Capacity: 1G
 Pre-touch: Disabled
 Parallel Workers: 4
 Concurrent Workers: 1
 Concurrent Refinement Workers: 4
 Periodic GC: Disabled
Heap:
 garbage-first heap   total 143360K, used 84420K [0x00000000c0000000, 0x0000000100000000)
  region size 1024K, 9 young (9216K), 1 survivors (1024K)
 Metaspace       used 45944K, committed 46336K, reserved 1089536K
  class space    used 6058K, committed 6272K, reserved 1048576K
GC Heap History (20 events):
Event: 4.984 GC heap before
{Heap before GC invocations=15 (full 0):
 garbage-first heap   total 99328K, used 73506K [0x00000000c0000000, 0x0000000100000000)
  region size 1024K, 20 young (20480K), 2 survivors (2048K)
 Metaspace       used 39528K, committed 39872K, reserved 1089536K
  class space    used 5342K, committed 5504K, reserved 1048576K
}
Event: 4.991 GC heap after
{Heap after GC invocations=16 (full 0):
 garbage-first heap   total 119808K, used 58369K [0x00000000c0000000, 0x0000000100000000)
  region size 1024K, 3 young (3072K), 3 survivors (3072K)
 Metaspace       used 39528K, committed 39872K, reserved 1089536K
  class space    used 5342K, committed 5504K, reserved 1048576K
}
Event: 5.408 GC heap before
{Heap before GC invocations=17 (full 0):
 garbage-first heap   total 119808K, used 87041K [0x00000000c0000000, 0x0000000100000000)
  region size 1024K, 31 young (31744K), 3 survivors (3072K)
 Metaspace       used 41454K, committed 41856K, reserved 1089536K
  class space    used 5534K, committed 5696K, reserved 1048576K
}
Event: 5.415 GC heap after
{Heap after GC invocations=18 (full 0):
 garbage-first heap   total 119808K, used 61953K [0x00000000c0000000, 0x0000000100000000)
  region size 1024K, 4 young (4096K), 4 survivors (4096K)
 Metaspace       used 41454K, committed 41856K, reserved 1089536K
  class space    used 5534K, committed 5696K, reserved 1048576K
}
Event: 5.423 GC heap before
{Heap before GC invocations=18 (full 0):
 garbage-first heap   total 119808K, used 62977K [0x00000000c0000000, 0x0000000100000000)
  region size 1024K, 6 young (6144K), 4 survivors (4096K)
 Metaspace       used 41521K, committed 41920K, reserved 1089536K
  class space    used 5539K, committed 5696K, reserved 1048576K
}
Event: 5.426 GC heap after
{Heap after GC invocations=19 (full 0):
 garbage-first heap   total 119808K, used 62072K [0x00000000c0000000, 0x0000000100000000)
  region size 1024K, 1 young (1024K), 1 survivors (1024K)
 Metaspace       used 41521K, committed 41920K, reserved 1089536K
  class space    used 5539K, committed 5696K, reserved 1048576K
}
Event: 6.366 GC heap before
{Heap before GC invocations=20 (full 0):
 garbage-first heap   total 119808K, used 90744K [0x00000000c0000000, 0x0000000100000000)
  region size 1024K, 27 young (27648K), 1 survivors (1024K)
 Metaspace       used 45610K, committed 46016K, reserved 1089536K
  class space    used 6052K, committed 6272K, reserved 1048576K
}
Event: 6.370 GC heap after
{Heap after GC invocations=21 (full 0):
 garbage-first heap   total 119808K, used 62723K [0x00000000c0000000, 0x0000000100000000)
  region size 1024K, 2 young (2048K), 2 survivors (2048K)
 Metaspace       used 45610K, committed 46016K, reserved 1089536K
  class space    used 6052K, committed 6272K, reserved 1048576K
}
Event: 6.459 GC heap before
{Heap before GC invocations=22 (full 0):
 garbage-first heap   total 137216K, used 86275K [0x00000000c0000000, 0x0000000100000000)
  region size 1024K, 17 young (17408K), 2 survivors (2048K)
 Metaspace       used 45626K, committed 46016K, reserved 1089536K
  class space    used 6055K, committed 6272K, reserved 1048576K
}
Event: 6.463 GC heap after
{Heap after GC invocations=23 (full 0):
 garbage-first heap   total 137216K, used 62747K [0x00000000c0000000, 0x0000000100000000)
  region size 1024K, 2 young (2048K), 2 survivors (2048K)
 Metaspace       used 45626K, committed 46016K, reserved 1089536K
  class space    used 6055K, committed 6272K, reserved 1048576K
}
Event: 7.366 GC heap before
{Heap before GC invocations=24 (full 0):
 garbage-first heap   total 137216K, used 115995K [0x00000000c0000000, 0x0000000100000000)
  region size 1024K, 45 young (46080K), 2 survivors (2048K)
 Metaspace       used 45930K, committed 46336K, reserved 1089536K
  class space    used 6058K, committed 6272K, reserved 1048576K
}
Event: 7.373 GC heap after
{Heap after GC invocations=25 (full 0):
 garbage-first heap   total 137216K, used 72579K [0x00000000c0000000, 0x0000000100000000)
  region size 1024K, 3 young (3072K), 3 survivors (3072K)
 Metaspace       used 45930K, committed 46336K, reserved 1089536K
  class space    used 6058K, committed 6272K, reserved 1048576K
}
Event: 7.507 GC heap before
{Heap before GC invocations=25 (full 0):
 garbage-first heap   total 137216K, used 103299K [0x00000000c0000000, 0x0000000100000000)
  region size 1024K, 35 young (35840K), 3 survivors (3072K)
 Metaspace       used 45938K, committed 46336K, reserved 1089536K
  class space    used 6058K, committed 6272K, reserved 1048576K
}
Event: 7.512 GC heap after
{Heap after GC invocations=26 (full 0):
 garbage-first heap   total 137216K, used 72800K [0x00000000c0000000, 0x0000000100000000)
  region size 1024K, 3 young (3072K), 3 survivors (3072K)
 Metaspace       used 45938K, committed 46336K, reserved 1089536K
  class space    used 6058K, committed 6272K, reserved 1048576K
}
Event: 7.632 GC heap before
{Heap before GC invocations=27 (full 0):
 garbage-first heap   total 137216K, used 90208K [0x00000000c0000000, 0x0000000100000000)
  region size 1024K, 20 young (20480K), 3 survivors (3072K)
 Metaspace       used 45938K, committed 46336K, reserved 1089536K
  class space    used 6058K, committed 6272K, reserved 1048576K
}
Event: 7.640 GC heap after
{Heap after GC invocations=28 (full 0):
 garbage-first heap   total 137216K, used 76708K [0x00000000c0000000, 0x0000000100000000)
  region size 1024K, 6 young (6144K), 6 survivors (6144K)
 Metaspace       used 45938K, committed 46336K, reserved 1089536K
  class space    used 6058K, committed 6272K, reserved 1048576K
}
Event: 7.914 GC heap before
{Heap before GC invocations=29 (full 0):
 garbage-first heap   total 143360K, used 109476K [0x00000000c0000000, 0x0000000100000000)
  region size 1024K, 37 young (37888K), 6 survivors (6144K)
 Metaspace       used 45944K, committed 46336K, reserved 1089536K
  class space    used 6058K, committed 6272K, reserved 1048576K
}
Event: 7.920 GC heap after
{Heap after GC invocations=30 (full 0):
 garbage-first heap   total 143360K, used 77344K [0x00000000c0000000, 0x0000000100000000)
  region size 1024K, 1 young (1024K), 1 survivors (1024K)
 Metaspace       used 45944K, committed 46336K, reserved 1089536K
  class space    used 6058K, committed 6272K, reserved 1048576K
}
Event: 8.096 GC heap before
{Heap before GC invocations=30 (full 0):
 garbage-first heap   total 143360K, used 114208K [0x00000000c0000000, 0x0000000100000000)
  region size 1024K, 38 young (38912K), 1 survivors (1024K)
 Metaspace       used 45944K, committed 46336K, reserved 1089536K
  class space    used 6058K, committed 6272K, reserved 1048576K
}
Event: 8.098 GC heap after
{Heap after GC invocations=31 (full 0):
 garbage-first heap   total 143360K, used 77252K [0x00000000c0000000, 0x0000000100000000)
  region size 1024K, 1 young (1024K), 1 survivors (1024K)
 Metaspace       used 45944K, committed 46336K, reserved 1089536K
  class space    used 6058K, committed 6272K, reserved 1048576K
}

